[2024-05-31 00:01:15] INFO root fetch - main [MainThread]: Get Changelog since Serial: [23457279]
[2024-05-31 00:01:20] INFO root fetch - main [MainThread]: Found 3 changed packages
[2024-05-31 00:01:20] INFO root fetch - processPackages [ThreadPoolExecutor-0_0]: Start processing: flatpack
[2024-05-31 00:01:20] INFO root fetch - processPackages [ThreadPoolExecutor-0_1]: Start processing: pypomes-core
[2024-05-31 00:01:20] INFO root fetch - processPackages [ThreadPoolExecutor-0_2]: Start processing: pypomes-db
[2024-05-31 00:01:20] INFO root fetch - processPackages [flatpack]: New version: [3.5.9] Old Version: [3.5.8]
[2024-05-31 00:01:20] INFO root fetch - processPackages [pypomes-db]: New version: [0.9.0] Old Version: [0.8.9]
[2024-05-31 00:01:20] INFO root fetch - processPackages [flatpack]: Downloading https://files.pythonhosted.org/packages/0d/a9/8502480e2c2eb0cf1d5c96124b696b315ecaac8fbeabcea4683232791237/flatpack-3.5.8.tar.gz
[2024-05-31 00:01:20] INFO root fetch - processPackages [pypomes-core]: New version: [1.1.3] Old Version: [1.1.2]
[2024-05-31 00:01:20] INFO root fetch - processPackages [flatpack]: Downloading https://files.pythonhosted.org/packages/d8/91/c9da419dc0b7492b44a9d95f36b27829ce600621fa73894b210c81dadbcd/flatpack-3.5.9.tar.gz
[2024-05-31 00:01:20] INFO root fetch - processPackages [pypomes-db]: Downloading https://files.pythonhosted.org/packages/f4/28/2910cd2366f4d4004108e4708d3f327030ebf28caa0a71ba984f7a340ffe/pypomes_db-0.8.9.tar.gz
[2024-05-31 00:01:20] INFO root fetch - processPackages [pypomes-core]: Downloading https://files.pythonhosted.org/packages/e7/28/3f4a8242f364b84ce863b69dc0ac95c5fd7be59a048fcb4af34cdd5fb29a/pypomes_core-1.1.2.tar.gz
[2024-05-31 00:01:20] INFO root fetch - processPackages [flatpack]: executing diffoscope
[2024-05-31 00:01:20] INFO root fetch - processPackages [flatpack]: podman run --user 0:0 --rm -w /home/abi/fetcher -v /home/abi/fetcher/tmp:/home/abi/fetcher/tmp:ro -v /home/abi/fetcher/20240531:/home/abi/fetcher/20240531:rw registry.salsa.debian.org/reproducible-builds/diffoscope --no-progress tmp/flatpack-3.5.8.tar.gz tmp/flatpack-3.5.9.tar.gz --markdown 20240531/f/flatpack/3.5.8-3.5.9/README.md --exclude *.pyd
[2024-05-31 00:01:20] INFO root fetch - processPackages [pypomes-core]: Downloading https://files.pythonhosted.org/packages/a8/c9/1edefd2726d849a65061dcb2530eeb36e8de2fc57aaa32338bf71b3bc75c/pypomes_core-1.1.3.tar.gz
[2024-05-31 00:01:20] INFO root fetch - processPackages [pypomes-db]: Downloading https://files.pythonhosted.org/packages/5c/63/3bb301fdbb9386071fcf91aa8406ea18102d41aa3f235ceb3133c1a846dc/pypomes_db-0.9.0.tar.gz
[2024-05-31 00:01:21] INFO root fetch - processPackages [pypomes-core]: executing diffoscope
[2024-05-31 00:01:21] INFO root fetch - processPackages [pypomes-core]: podman run --user 0:0 --rm -w /home/abi/fetcher -v /home/abi/fetcher/tmp:/home/abi/fetcher/tmp:ro -v /home/abi/fetcher/20240531:/home/abi/fetcher/20240531:rw registry.salsa.debian.org/reproducible-builds/diffoscope --no-progress tmp/pypomes_core-1.1.2.tar.gz tmp/pypomes_core-1.1.3.tar.gz --markdown 20240531/p/pypomes-core/1.1.2-1.1.3/README.md --exclude *.pyd
[2024-05-31 00:01:21] INFO root fetch - processPackages [pypomes-db]: executing diffoscope
[2024-05-31 00:01:21] INFO root fetch - processPackages [pypomes-db]: podman run --user 0:0 --rm -w /home/abi/fetcher -v /home/abi/fetcher/tmp:/home/abi/fetcher/tmp:ro -v /home/abi/fetcher/20240531:/home/abi/fetcher/20240531:rw registry.salsa.debian.org/reproducible-builds/diffoscope --no-progress tmp/pypomes_db-0.8.9.tar.gz tmp/pypomes_db-0.9.0.tar.gz --markdown 20240531/p/pypomes-db/0.8.9-0.9.0/README.md --exclude *.pyd
[2024-05-31 00:01:21] INFO root fetch - processPackages [flatpack]: Remove: archive file [/home/abi/fetcher/tmp/flatpack-3.5.8.tar.gz]
[2024-05-31 00:01:21] INFO root fetch - processPackages [flatpack]: Remove: archive file [/home/abi/fetcher/tmp/flatpack-3.5.9.tar.gz]
[2024-05-31 00:01:21] INFO root fetch - main [MainThread]: End processing [flatpack]: success
[2024-05-31 00:01:21] INFO root fetch - processPackages [pypomes-core]: Remove: archive file [/home/abi/fetcher/tmp/pypomes_core-1.1.2.tar.gz]
[2024-05-31 00:01:21] INFO root fetch - processPackages [pypomes-core]: Remove: archive file [/home/abi/fetcher/tmp/pypomes_core-1.1.3.tar.gz]
[2024-05-31 00:01:21] INFO root fetch - main [MainThread]: End processing [pypomes-core]: success
[2024-05-31 00:01:21] INFO root fetch - processPackages [pypomes-db]: Remove: archive file [/home/abi/fetcher/tmp/pypomes_db-0.8.9.tar.gz]
[2024-05-31 00:01:21] INFO root fetch - processPackages [pypomes-db]: Remove: archive file [/home/abi/fetcher/tmp/pypomes_db-0.9.0.tar.gz]
[2024-05-31 00:01:21] INFO root fetch - main [MainThread]: End processing [pypomes-db]: success
[2024-05-31 00:01:21] INFO root fetch - main [MainThread]: Store serial: [23457289]
[2024-05-31 00:03:25] INFO root fetch - main [MainThread]: Get Changelog since Serial: [23457289]
[2024-05-31 00:03:29] INFO root fetch - main [MainThread]: Found 7 changed packages
[2024-05-31 00:03:29] INFO root fetch - processPackages [ThreadPoolExecutor-0_0]: Start processing: ski-lint
[2024-05-31 00:03:29] INFO root fetch - processPackages [ThreadPoolExecutor-0_1]: Start processing: indic-num2words
[2024-05-31 00:03:29] INFO root fetch - processPackages [ThreadPoolExecutor-0_2]: Start processing: gradio
[2024-05-31 00:03:29] INFO root fetch - processPackages [ThreadPoolExecutor-0_3]: Start processing: mayafbx
[2024-05-31 00:03:29] INFO root fetch - processPackages [ThreadPoolExecutor-0_4]: Start processing: pypomes-db
[2024-05-31 00:03:29] INFO root fetch - processPackages [ThreadPoolExecutor-0_5]: Start processing: Simple-Space
[2024-05-31 00:03:29] INFO root fetch - processPackages [ThreadPoolExecutor-0_6]: Start processing: skeletonkey
[2024-05-31 00:03:30] INFO root fetch - processPackages [Simple-Space]: New version: [0.6.0] Old Version: [0.5.0]
[2024-05-31 00:03:30] INFO root fetch - processPackages [gradio]: New version: [4.9.1] Old Version: [4.9.0]
[2024-05-31 00:03:30] WARNING root fetch - processPackages [mayafbx]: Skipping, unable to determine old version
[2024-05-31 00:03:30] INFO root fetch - main [MainThread]: End processing [mayafbx] error
[2024-05-31 00:03:30] INFO root fetch - processPackages [Simple-Space]: Downloading https://files.pythonhosted.org/packages/16/f8/42bd46afec2ad41ecba2070730fcebc725fd43e3b30cfa6d8fdb24111319/simple_space-0.5.0.tar.gz
[2024-05-31 00:03:30] WARNING root fetch - processPackages [ski-lint]: Skipping, unable to determine old version
[2024-05-31 00:03:30] INFO root fetch - main [MainThread]: End processing [ski-lint] error
[2024-05-31 00:03:30] INFO root fetch - processPackages [pypomes-db]: New version: [0.9.1] Old Version: [0.9.0]
[2024-05-31 00:03:30] INFO root fetch - processPackages [indic-num2words]: New version: [1.2.2] Old Version: [1.2.1]
[2024-05-31 00:03:30] INFO root fetch - processPackages [gradio]: Downloading https://files.pythonhosted.org/packages/eb/a2/56c39c590c6c0e5d2583115b6e478de4bf1c9aa42b45cc47d81d88f93665/gradio-4.9.0.tar.gz
[2024-05-31 00:03:30] INFO root fetch - processPackages [skeletonkey]: New version: [0.3.0.0] Old Version: [0.2.13]
[2024-05-31 00:03:30] WARNING root fetch - processPackages [gradio]: Skipping package: exceeds size limit 26124496>=10485760
[2024-05-31 00:03:30] INFO root fetch - main [MainThread]: End processing [gradio] error
[2024-05-31 00:03:30] INFO root fetch - processPackages [pypomes-db]: Downloading https://files.pythonhosted.org/packages/5c/63/3bb301fdbb9386071fcf91aa8406ea18102d41aa3f235ceb3133c1a846dc/pypomes_db-0.9.0.tar.gz
[2024-05-31 00:03:30] INFO root fetch - processPackages [skeletonkey]: Downloading https://files.pythonhosted.org/packages/1c/a6/a017954c79d6233cfb0b0f9cf58c0cb3eccdf52b2a7e7155e737540cae33/skeletonkey-0.2.13.tar.gz
[2024-05-31 00:03:30] INFO root fetch - processPackages [indic-num2words]: Downloading https://files.pythonhosted.org/packages/1c/85/2cee418a428198ec247d32f8b36431d005011089efdbd331d0f82a3aaadb/indic_num2words-1.2.1.tar.gz
[2024-05-31 00:03:30] INFO root fetch - processPackages [Simple-Space]: Downloading https://files.pythonhosted.org/packages/e3/0e/45c3b0f373b88101ceeeb09e82ed408d97bb7bc13807484190401e571634/simple_space-0.6.0.tar.gz
[2024-05-31 00:03:30] INFO root fetch - processPackages [pypomes-db]: Downloading https://files.pythonhosted.org/packages/57/a2/f4a90b8756fe1625401eed7f0006d1736808025081a6f0ec4b4297230fdd/pypomes_db-0.9.1.tar.gz
[2024-05-31 00:03:30] INFO root fetch - processPackages [Simple-Space]: executing diffoscope
[2024-05-31 00:03:30] INFO root fetch - processPackages [Simple-Space]: podman run --user 0:0 --rm -w /home/abi/fetcher -v /home/abi/fetcher/tmp:/home/abi/fetcher/tmp:ro -v /home/abi/fetcher/20240531:/home/abi/fetcher/20240531:rw registry.salsa.debian.org/reproducible-builds/diffoscope --no-progress tmp/simple_space-0.5.0.tar.gz tmp/simple_space-0.6.0.tar.gz --markdown 20240531/S/Simple-Space/0.5.0-0.6.0/README.md --exclude *.pyd
[2024-05-31 00:03:30] INFO root fetch - processPackages [indic-num2words]: Downloading https://files.pythonhosted.org/packages/42/a0/d6c3cac5cce0d74a3249a84e16fc81280e0aac715fad839647ac6788890b/indic_num2words-1.2.2.tar.gz
[2024-05-31 00:03:30] INFO root fetch - processPackages [pypomes-db]: executing diffoscope
[2024-05-31 00:03:30] INFO root fetch - processPackages [pypomes-db]: podman run --user 0:0 --rm -w /home/abi/fetcher -v /home/abi/fetcher/tmp:/home/abi/fetcher/tmp:ro -v /home/abi/fetcher/20240531:/home/abi/fetcher/20240531:rw registry.salsa.debian.org/reproducible-builds/diffoscope --no-progress tmp/pypomes_db-0.9.0.tar.gz tmp/pypomes_db-0.9.1.tar.gz --markdown 20240531/p/pypomes-db/0.9.0-0.9.1/README.md --exclude *.pyd
[2024-05-31 00:03:30] INFO root fetch - processPackages [skeletonkey]: Downloading https://files.pythonhosted.org/packages/95/fe/8e565a29bce51936350a2acba47e5bef97340dc2ebc05eefe2212632f6e4/skeletonkey-0.3.0.0.tar.gz
[2024-05-31 00:03:30] INFO root fetch - processPackages [indic-num2words]: executing diffoscope
[2024-05-31 00:03:30] INFO root fetch - processPackages [indic-num2words]: podman run --user 0:0 --rm -w /home/abi/fetcher -v /home/abi/fetcher/tmp:/home/abi/fetcher/tmp:ro -v /home/abi/fetcher/20240531:/home/abi/fetcher/20240531:rw registry.salsa.debian.org/reproducible-builds/diffoscope --no-progress tmp/indic_num2words-1.2.1.tar.gz tmp/indic_num2words-1.2.2.tar.gz --markdown 20240531/i/indic-num2words/1.2.1-1.2.2/README.md --exclude *.pyd
[2024-05-31 00:03:31] INFO root fetch - processPackages [skeletonkey]: executing diffoscope
[2024-05-31 00:03:31] INFO root fetch - processPackages [skeletonkey]: podman run --user 0:0 --rm -w /home/abi/fetcher -v /home/abi/fetcher/tmp:/home/abi/fetcher/tmp:ro -v /home/abi/fetcher/20240531:/home/abi/fetcher/20240531:rw registry.salsa.debian.org/reproducible-builds/diffoscope --no-progress tmp/skeletonkey-0.2.13.tar.gz tmp/skeletonkey-0.3.0.0.tar.gz --markdown 20240531/s/skeletonkey/0.2.13-0.3.0.0/README.md --exclude *.pyd
[2024-05-31 00:03:31] INFO root fetch - processPackages [Simple-Space]: Remove: archive file [/home/abi/fetcher/tmp/simple_space-0.5.0.tar.gz]
[2024-05-31 00:03:31] INFO root fetch - processPackages [Simple-Space]: Remove: archive file [/home/abi/fetcher/tmp/simple_space-0.6.0.tar.gz]
[2024-05-31 00:03:31] INFO root fetch - main [MainThread]: End processing [Simple-Space]: success
[2024-05-31 00:03:31] INFO root fetch - processPackages [pypomes-db]: Remove: archive file [/home/abi/fetcher/tmp/pypomes_db-0.9.0.tar.gz]
[2024-05-31 00:03:31] INFO root fetch - processPackages [pypomes-db]: Remove: archive file [/home/abi/fetcher/tmp/pypomes_db-0.9.1.tar.gz]
[2024-05-31 00:03:31] INFO root fetch - main [MainThread]: End processing [pypomes-db]: success
[2024-05-31 00:03:31] INFO root fetch - processPackages [indic-num2words]: Remove: archive file [/home/abi/fetcher/tmp/indic_num2words-1.2.1.tar.gz]
[2024-05-31 00:03:31] INFO root fetch - processPackages [indic-num2words]: Remove: archive file [/home/abi/fetcher/tmp/indic_num2words-1.2.2.tar.gz]
[2024-05-31 00:03:31] INFO root fetch - main [MainThread]: End processing [indic-num2words]: success
[2024-05-31 00:03:31] INFO root fetch - processPackages [skeletonkey]: Remove: archive file [/home/abi/fetcher/tmp/skeletonkey-0.2.13.tar.gz]
[2024-05-31 00:03:31] INFO root fetch - processPackages [skeletonkey]: Remove: archive file [/home/abi/fetcher/tmp/skeletonkey-0.3.0.0.tar.gz]
[2024-05-31 00:03:31] INFO root fetch - main [MainThread]: End processing [skeletonkey]: success
[2024-05-31 00:03:31] INFO root fetch - main [MainThread]: Store serial: [23457314]
[2024-05-31 00:05:35] INFO root fetch - main [MainThread]: Get Changelog since Serial: [23457314]
[2024-05-31 00:05:39] INFO root fetch - main [MainThread]: Found 7 changed packages
[2024-05-31 00:05:39] INFO root fetch - processPackages [ThreadPoolExecutor-0_0]: Start processing: highlight-io
[2024-05-31 00:05:39] INFO root fetch - processPackages [ThreadPoolExecutor-0_1]: Start processing: dagster
[2024-05-31 00:05:39] INFO root fetch - processPackages [ThreadPoolExecutor-0_2]: Start processing: captif-slp
[2024-05-31 00:05:39] INFO root fetch - processPackages [ThreadPoolExecutor-0_3]: Start processing: flatpack
[2024-05-31 00:05:39] INFO root fetch - processPackages [ThreadPoolExecutor-0_4]: Start processing: dagit
[2024-05-31 00:05:39] INFO root fetch - processPackages [ThreadPoolExecutor-0_5]: Start processing: dagster-pipes
[2024-05-31 00:05:39] INFO root fetch - processPackages [ThreadPoolExecutor-0_6]: Start processing: dagster-graphql
[2024-05-31 00:05:40] INFO root fetch - processPackages [captif-slp]: New version: [0.9] Old Version: [0.8]
[2024-05-31 00:05:40] INFO root fetch - processPackages [dagster-pipes]: New version: [1.7.7] Old Version: [1.7.6]
[2024-05-31 00:05:40] INFO root fetch - processPackages [dagster-graphql]: New version: [1.7.7] Old Version: [1.7.6]
[2024-05-31 00:05:40] INFO root fetch - processPackages [flatpack]: New version: [3.5.9] Old Version: [3.5.8]
[2024-05-31 00:05:40] INFO root fetch - processPackages [captif-slp]: Downloading https://files.pythonhosted.org/packages/75/c7/7fb5e638eb2c7b5d22b7e0d723ee989855703084d4e73e59b9177bafba52/captif-slp-0.8.tar.gz
[2024-05-31 00:05:40] INFO root fetch - processPackages [highlight-io]: New version: [0.8.2] Old Version: [0.8.1]
[2024-05-31 00:05:40] INFO root fetch - processPackages [dagster]: New version: [1.7.8] Old Version: [1.7.7]
[2024-05-31 00:05:40] INFO root fetch - processPackages [dagit]: New version: [1.7.8] Old Version: [1.7.7]
[2024-05-31 00:05:40] INFO root fetch - processPackages [flatpack]: Downloading https://files.pythonhosted.org/packages/0d/a9/8502480e2c2eb0cf1d5c96124b696b315ecaac8fbeabcea4683232791237/flatpack-3.5.8.tar.gz
[2024-05-31 00:05:40] INFO root fetch - processPackages [dagster-pipes]: Downloading https://files.pythonhosted.org/packages/4b/32/aed25c18c8ca444b7a2c46f6d00460d4f3b8b43c4f17b8a96f98fe7c7dca/dagster-pipes-1.7.6.tar.gz
[2024-05-31 00:05:40] INFO root fetch - processPackages [dagster-graphql]: Downloading https://files.pythonhosted.org/packages/ce/22/66cc81741e486d60e4c8c81bd874b693aa0b260d4c460bc17f7c66d426d3/dagster-graphql-1.7.6.tar.gz
[2024-05-31 00:05:40] INFO root fetch - processPackages [highlight-io]: Downloading https://files.pythonhosted.org/packages/5e/77/027631bb2480d6f6714fc27e602bf1c0d937990ed576b1ae6f95c797368c/highlight_io-0.8.1.tar.gz
[2024-05-31 00:05:40] INFO root fetch - processPackages [dagit]: Downloading https://files.pythonhosted.org/packages/87/97/4f2e349cdabc1820e98ad6269dcdfb78fa75a33ec2704bf5bc48175a6657/dagit-1.7.7.tar.gz
[2024-05-31 00:05:40] INFO root fetch - processPackages [captif-slp]: Downloading https://files.pythonhosted.org/packages/08/59/6bc2fe7908f5fe4b6d93eb6f7c0c450a0e43b7ade9ce1906f1d0269f6d1f/captif-slp-0.9.tar.gz
[2024-05-31 00:05:40] INFO root fetch - processPackages [dagster]: Downloading https://files.pythonhosted.org/packages/33/99/2e1011f5787db9e02283f2b40e2e80b7bc9ba5fc5354dc278b819265749f/dagster-1.7.7.tar.gz
[2024-05-31 00:05:40] INFO root fetch - processPackages [flatpack]: Downloading https://files.pythonhosted.org/packages/d8/91/c9da419dc0b7492b44a9d95f36b27829ce600621fa73894b210c81dadbcd/flatpack-3.5.9.tar.gz
[2024-05-31 00:05:40] INFO root fetch - processPackages [dagster-pipes]: Downloading https://files.pythonhosted.org/packages/3c/cc/3d8a3e88dcef7a1c3531f04af2c4394fbf9bc85822d105cf57ea8f9fdb2f/dagster-pipes-1.7.7.tar.gz
[2024-05-31 00:05:40] INFO root fetch - processPackages [captif-slp]: executing diffoscope
[2024-05-31 00:05:40] INFO root fetch - processPackages [captif-slp]: podman run --user 0:0 --rm -w /home/abi/fetcher -v /home/abi/fetcher/tmp:/home/abi/fetcher/tmp:ro -v /home/abi/fetcher/20240531:/home/abi/fetcher/20240531:rw registry.salsa.debian.org/reproducible-builds/diffoscope --no-progress tmp/captif-slp-0.8.tar.gz tmp/captif-slp-0.9.tar.gz --markdown 20240531/c/captif-slp/0.8-0.9/README.md --exclude *.pyd
[2024-05-31 00:05:40] INFO root fetch - processPackages [flatpack]: executing diffoscope
[2024-05-31 00:05:40] INFO root fetch - processPackages [flatpack]: podman run --user 0:0 --rm -w /home/abi/fetcher -v /home/abi/fetcher/tmp:/home/abi/fetcher/tmp:ro -v /home/abi/fetcher/20240531:/home/abi/fetcher/20240531:rw registry.salsa.debian.org/reproducible-builds/diffoscope --no-progress tmp/flatpack-3.5.8.tar.gz tmp/flatpack-3.5.9.tar.gz --markdown 20240531/f/flatpack/3.5.8-3.5.9/README.md --exclude *.pyd
[2024-05-31 00:05:40] INFO root fetch - processPackages [dagster-pipes]: executing diffoscope
[2024-05-31 00:05:40] INFO root fetch - processPackages [dagster-pipes]: podman run --user 0:0 --rm -w /home/abi/fetcher -v /home/abi/fetcher/tmp:/home/abi/fetcher/tmp:ro -v /home/abi/fetcher/20240531:/home/abi/fetcher/20240531:rw registry.salsa.debian.org/reproducible-builds/diffoscope --no-progress tmp/dagster-pipes-1.7.6.tar.gz tmp/dagster-pipes-1.7.7.tar.gz --markdown 20240531/d/dagster-pipes/1.7.6-1.7.7/README.md --exclude *.pyd
[2024-05-31 00:05:40] INFO root fetch - processPackages [highlight-io]: Downloading https://files.pythonhosted.org/packages/86/d7/667a80bbc96de8f710c4c349b5d155626dbd7c5e96cb2fc7eb687256de6b/highlight_io-0.8.2.tar.gz
[2024-05-31 00:05:40] INFO root fetch - processPackages [dagster-graphql]: Downloading https://files.pythonhosted.org/packages/96/02/6e04760746fbca7317988c6f2a83407805ddc1e58efd482860d4d56642c9/dagster-graphql-1.7.7.tar.gz
[2024-05-31 00:05:40] INFO root fetch - processPackages [dagit]: Downloading https://files.pythonhosted.org/packages/67/52/47196e4871ffbb9bd3e5c46dc91c2fb668038553cd0a23ac7b7d207ee328/dagit-1.7.8.tar.gz
[2024-05-31 00:05:40] INFO root fetch - processPackages [highlight-io]: executing diffoscope
[2024-05-31 00:05:40] INFO root fetch - processPackages [highlight-io]: podman run --user 0:0 --rm -w /home/abi/fetcher -v /home/abi/fetcher/tmp:/home/abi/fetcher/tmp:ro -v /home/abi/fetcher/20240531:/home/abi/fetcher/20240531:rw registry.salsa.debian.org/reproducible-builds/diffoscope --no-progress tmp/highlight_io-0.8.1.tar.gz tmp/highlight_io-0.8.2.tar.gz --markdown 20240531/h/highlight-io/0.8.1-0.8.2/README.md --exclude *.pyd
[2024-05-31 00:05:40] INFO root fetch - processPackages [dagster]: Downloading https://files.pythonhosted.org/packages/e0/78/595d6ef2d1d775f8b399f986ce7ec33a3512de4fb31ac3acefa5857ef4e7/dagster-1.7.8.tar.gz
[2024-05-31 00:05:41] INFO root fetch - processPackages [dagster-graphql]: executing diffoscope
[2024-05-31 00:05:41] INFO root fetch - processPackages [dagster-graphql]: podman run --user 0:0 --rm -w /home/abi/fetcher -v /home/abi/fetcher/tmp:/home/abi/fetcher/tmp:ro -v /home/abi/fetcher/20240531:/home/abi/fetcher/20240531:rw registry.salsa.debian.org/reproducible-builds/diffoscope --no-progress tmp/dagster-graphql-1.7.6.tar.gz tmp/dagster-graphql-1.7.7.tar.gz --markdown 20240531/d/dagster-graphql/1.7.6-1.7.7/README.md --exclude *.pyd
[2024-05-31 00:05:41] INFO root fetch - processPackages [dagit]: executing diffoscope
[2024-05-31 00:05:41] INFO root fetch - processPackages [dagit]: podman run --user 0:0 --rm -w /home/abi/fetcher -v /home/abi/fetcher/tmp:/home/abi/fetcher/tmp:ro -v /home/abi/fetcher/20240531:/home/abi/fetcher/20240531:rw registry.salsa.debian.org/reproducible-builds/diffoscope --no-progress tmp/dagit-1.7.7.tar.gz tmp/dagit-1.7.8.tar.gz --markdown 20240531/d/dagit/1.7.7-1.7.8/README.md --exclude *.pyd
[2024-05-31 00:05:41] INFO root fetch - processPackages [dagster]: executing diffoscope
[2024-05-31 00:05:41] INFO root fetch - processPackages [dagster]: podman run --user 0:0 --rm -w /home/abi/fetcher -v /home/abi/fetcher/tmp:/home/abi/fetcher/tmp:ro -v /home/abi/fetcher/20240531:/home/abi/fetcher/20240531:rw registry.salsa.debian.org/reproducible-builds/diffoscope --no-progress tmp/dagster-1.7.7.tar.gz tmp/dagster-1.7.8.tar.gz --markdown 20240531/d/dagster/1.7.7-1.7.8/README.md --exclude *.pyd
[2024-05-31 00:05:41] INFO root fetch - processPackages [flatpack]: Remove: archive file [/home/abi/fetcher/tmp/flatpack-3.5.8.tar.gz]
[2024-05-31 00:05:41] INFO root fetch - processPackages [flatpack]: Remove: archive file [/home/abi/fetcher/tmp/flatpack-3.5.9.tar.gz]
[2024-05-31 00:05:41] INFO root fetch - main [MainThread]: End processing [flatpack]: success
[2024-05-31 00:05:41] INFO root fetch - processPackages [captif-slp]: Remove: archive file [/home/abi/fetcher/tmp/captif-slp-0.8.tar.gz]
[2024-05-31 00:05:41] INFO root fetch - processPackages [captif-slp]: Remove: archive file [/home/abi/fetcher/tmp/captif-slp-0.9.tar.gz]
[2024-05-31 00:05:41] INFO root fetch - main [MainThread]: End processing [captif-slp]: success
[2024-05-31 00:05:41] INFO root fetch - processPackages [dagster-pipes]: Remove: archive file [/home/abi/fetcher/tmp/dagster-pipes-1.7.6.tar.gz]
[2024-05-31 00:05:41] INFO root fetch - processPackages [dagster-pipes]: Remove: archive file [/home/abi/fetcher/tmp/dagster-pipes-1.7.7.tar.gz]
[2024-05-31 00:05:41] INFO root fetch - main [MainThread]: End processing [dagster-pipes]: success
[2024-05-31 00:05:41] INFO root fetch - processPackages [highlight-io]: Remove: archive file [/home/abi/fetcher/tmp/highlight_io-0.8.1.tar.gz]
[2024-05-31 00:05:41] INFO root fetch - processPackages [highlight-io]: Remove: archive file [/home/abi/fetcher/tmp/highlight_io-0.8.2.tar.gz]
[2024-05-31 00:05:41] INFO root fetch - main [MainThread]: End processing [highlight-io]: success
[2024-05-31 00:05:41] INFO root fetch - processPackages [dagit]: Remove: archive file [/home/abi/fetcher/tmp/dagit-1.7.7.tar.gz]
[2024-05-31 00:05:41] INFO root fetch - processPackages [dagit]: Remove: archive file [/home/abi/fetcher/tmp/dagit-1.7.8.tar.gz]
[2024-05-31 00:05:41] INFO root fetch - main [MainThread]: End processing [dagit]: success
[2024-05-31 00:05:42] INFO root fetch - processPackages [dagster-graphql]: Remove: archive file [/home/abi/fetcher/tmp/dagster-graphql-1.7.6.tar.gz]
[2024-05-31 00:05:42] INFO root fetch - processPackages [dagster-graphql]: Remove: archive file [/home/abi/fetcher/tmp/dagster-graphql-1.7.7.tar.gz]
[2024-05-31 00:05:42] INFO root fetch - main [MainThread]: End processing [dagster-graphql]: success
[2024-05-31 00:05:44] INFO root fetch - processPackages [dagster]: Remove: archive file [/home/abi/fetcher/tmp/dagster-1.7.7.tar.gz]
[2024-05-31 00:05:44] INFO root fetch - processPackages [dagster]: Remove: archive file [/home/abi/fetcher/tmp/dagster-1.7.8.tar.gz]
[2024-05-31 00:05:44] INFO root fetch - main [MainThread]: End processing [dagster]: success
[2024-05-31 00:05:44] INFO root fetch - main [MainThread]: Store serial: [23457334]
[2024-05-31 00:07:47] INFO root fetch - main [MainThread]: Get Changelog since Serial: [23457334]
[2024-05-31 00:07:52] INFO root fetch - main [MainThread]: Found 5 changed packages
[2024-05-31 00:07:52] INFO root fetch - processPackages [ThreadPoolExecutor-0_0]: Start processing: dcicutils
[2024-05-31 00:07:52] INFO root fetch - processPackages [ThreadPoolExecutor-0_1]: Start processing: promptic
[2024-05-31 00:07:52] INFO root fetch - processPackages [ThreadPoolExecutor-0_2]: Start processing: patho-pix
[2024-05-31 00:07:52] INFO root fetch - processPackages [ThreadPoolExecutor-0_3]: Start processing: querier
[2024-05-31 00:07:52] INFO root fetch - processPackages [ThreadPoolExecutor-0_4]: Start processing: elasticstore
[2024-05-31 00:07:52] INFO root fetch - processPackages [dcicutils]: New version: [8.9.0.1b5] Old Version: [8.9.0.1b2]
[2024-05-31 00:07:52] INFO root fetch - processPackages [promptic]: New version: [0.7.0a1] Old Version: [0.6.1]
[2024-05-31 00:07:52] INFO root fetch - processPackages [elasticstore]: New version: [2.2.0] Old Version: [2.1.1]
[2024-05-31 00:07:52] INFO root fetch - processPackages [querier]: New version: [0.5.0] Old Version: [0.4.1]
[2024-05-31 00:07:52] WARNING root fetch - processPackages [patho-pix]: Skipping, unable to determine old version
[2024-05-31 00:07:52] INFO root fetch - main [MainThread]: End processing [patho-pix] error
[2024-05-31 00:07:52] INFO root fetch - processPackages [dcicutils]: Downloading https://files.pythonhosted.org/packages/69/d1/c31ff18c5c68b5e0d05473ba2ae0f24ecfecf7160bdbaff14ae00688e85a/dcicutils-8.9.0.1b2.tar.gz
[2024-05-31 00:07:53] INFO root fetch - processPackages [elasticstore]: Downloading https://files.pythonhosted.org/packages/8a/81/0dddc04889f5d03d403da7f717d8e7f26fdd1ab9d2237427490da38493f7/elasticstore-2.1.1-py3-none-any.whl
[2024-05-31 00:07:53] INFO root fetch - processPackages [querier]: Downloading https://files.pythonhosted.org/packages/32/54/56eb5412b887ded4c3bdf42701c993e1cba0e071fca7c6f0652cc85650b6/querier-0.4.1.tar.gz
[2024-05-31 00:07:53] INFO root fetch - processPackages [promptic]: Downloading https://files.pythonhosted.org/packages/d1/73/c668b322ef1ea2e2774ed123c9cf1dea81a7dc7241e71636abb312643ea5/promptic-0.6.1.tar.gz
[2024-05-31 00:07:53] INFO root fetch - processPackages [dcicutils]: Downloading https://files.pythonhosted.org/packages/d9/14/ef6bb6982ca08b3c631598b2a36e96a392449aad0af9e6dd231ac71db167/dcicutils-8.9.0.1b5.tar.gz
[2024-05-31 00:07:53] INFO root fetch - processPackages [dcicutils]: executing diffoscope
[2024-05-31 00:07:53] INFO root fetch - processPackages [dcicutils]: podman run --user 0:0 --rm -w /home/abi/fetcher -v /home/abi/fetcher/tmp:/home/abi/fetcher/tmp:ro -v /home/abi/fetcher/20240531:/home/abi/fetcher/20240531:rw registry.salsa.debian.org/reproducible-builds/diffoscope --no-progress tmp/dcicutils-8.9.0.1b2.tar.gz tmp/dcicutils-8.9.0.1b5.tar.gz --markdown 20240531/d/dcicutils/8.9.0.1b2-8.9.0.1b5/README.md --exclude *.pyd
[2024-05-31 00:07:53] INFO root fetch - processPackages [elasticstore]: Downloading https://files.pythonhosted.org/packages/5f/d3/824a1251513a8de373e0256eb77690ae1cf8ac3eeec9d4f0c090cef14b49/elasticstore-2.2.0-py3-none-any.whl
[2024-05-31 00:07:53] INFO root fetch - processPackages [promptic]: Downloading https://files.pythonhosted.org/packages/43/db/728304ee5aac494a195b0f6b54f24a7e16d5e15907cc669b94af10de4791/promptic-0.7.0a1.tar.gz
[2024-05-31 00:07:53] INFO root fetch - processPackages [querier]: Downloading https://files.pythonhosted.org/packages/f1/be/df813ec6af9b211f1a42993b05e139556ef3c0b5ca7719e7ec25ff039471/querier-0.5.0.tar.gz
[2024-05-31 00:07:53] INFO root fetch - processPackages [elasticstore]: executing diffoscope
[2024-05-31 00:07:53] INFO root fetch - processPackages [elasticstore]: podman run --user 0:0 --rm -w /home/abi/fetcher -v /home/abi/fetcher/tmp:/home/abi/fetcher/tmp:ro -v /home/abi/fetcher/20240531:/home/abi/fetcher/20240531:rw registry.salsa.debian.org/reproducible-builds/diffoscope --no-progress tmp/elasticstore-2.1.1-py3-none-any.whl.zip tmp/elasticstore-2.2.0-py3-none-any.whl.zip --markdown 20240531/e/elasticstore/2.1.1-2.2.0/README.md --exclude *.pyd
[2024-05-31 00:07:53] INFO root fetch - processPackages [promptic]: executing diffoscope
[2024-05-31 00:07:53] INFO root fetch - processPackages [promptic]: podman run --user 0:0 --rm -w /home/abi/fetcher -v /home/abi/fetcher/tmp:/home/abi/fetcher/tmp:ro -v /home/abi/fetcher/20240531:/home/abi/fetcher/20240531:rw registry.salsa.debian.org/reproducible-builds/diffoscope --no-progress tmp/promptic-0.6.1.tar.gz tmp/promptic-0.7.0a1.tar.gz --markdown 20240531/p/promptic/0.6.1-0.7.0a1/README.md --exclude *.pyd
[2024-05-31 00:07:53] INFO root fetch - processPackages [querier]: executing diffoscope
[2024-05-31 00:07:53] INFO root fetch - processPackages [querier]: podman run --user 0:0 --rm -w /home/abi/fetcher -v /home/abi/fetcher/tmp:/home/abi/fetcher/tmp:ro -v /home/abi/fetcher/20240531:/home/abi/fetcher/20240531:rw registry.salsa.debian.org/reproducible-builds/diffoscope --no-progress tmp/querier-0.4.1.tar.gz tmp/querier-0.5.0.tar.gz --markdown 20240531/q/querier/0.4.1-0.5.0/README.md --exclude *.pyd
[2024-05-31 00:07:54] INFO root fetch - processPackages [elasticstore]: Remove: archive file [/home/abi/fetcher/tmp/elasticstore-2.1.1-py3-none-any.whl.zip]
[2024-05-31 00:07:54] INFO root fetch - processPackages [elasticstore]: Remove: archive file [/home/abi/fetcher/tmp/elasticstore-2.2.0-py3-none-any.whl.zip]
[2024-05-31 00:07:54] INFO root fetch - main [MainThread]: End processing [elasticstore]: success
[2024-05-31 00:07:54] INFO root fetch - processPackages [querier]: Remove: archive file [/home/abi/fetcher/tmp/querier-0.4.1.tar.gz]
[2024-05-31 00:07:54] INFO root fetch - processPackages [querier]: Remove: archive file [/home/abi/fetcher/tmp/querier-0.5.0.tar.gz]
[2024-05-31 00:07:54] INFO root fetch - main [MainThread]: End processing [querier]: success
[2024-05-31 00:07:54] INFO root fetch - processPackages [promptic]: Remove: archive file [/home/abi/fetcher/tmp/promptic-0.6.1.tar.gz]
[2024-05-31 00:07:54] INFO root fetch - processPackages [promptic]: Remove: archive file [/home/abi/fetcher/tmp/promptic-0.7.0a1.tar.gz]
[2024-05-31 00:07:54] INFO root fetch - main [MainThread]: End processing [promptic]: success
[2024-05-31 00:07:54] INFO root fetch - processPackages [dcicutils]: Remove: archive file [/home/abi/fetcher/tmp/dcicutils-8.9.0.1b2.tar.gz]
[2024-05-31 00:07:54] INFO root fetch - processPackages [dcicutils]: Remove: archive file [/home/abi/fetcher/tmp/dcicutils-8.9.0.1b5.tar.gz]
[2024-05-31 00:07:54] INFO root fetch - main [MainThread]: End processing [dcicutils]: success
[2024-05-31 00:07:54] INFO root fetch - main [MainThread]: Store serial: [23457352]
